\BOOKMARK [1][-]{section.1}{\376\377\000F\000e\000d\000e\000r\000a\000t\000e\000d\000\040\000K\000m\000e\000a\000n\000s}{}% 1
\BOOKMARK [1][-]{section.2}{\376\377\000M\000e\000t\000h\000o\000d\000o\000l\000o\000g\000y}{}% 2
\BOOKMARK [2][-]{subsection.2.1}{\376\377\000F\000e\000d\000e\000r\000a\000t\000e\000d\000\040\000K\000-\000M\000e\000a\000n\000s\000\040\000W\000o\000r\000k\000f\000l\000o\000w}{section.2}% 3
\BOOKMARK [2][-]{subsection.2.2}{\376\377\000S\000e\000r\000v\000e\000r\000\040\000A\000g\000g\000r\000e\000g\000a\000t\000i\000o\000n\000:}{section.2}% 4
\BOOKMARK [2][-]{subsection.2.3}{\376\377\000E\000v\000a\000l\000u\000a\000t\000i\000o\000n\000\040\000P\000h\000a\000s\000e}{section.2}% 5
\BOOKMARK [2][-]{subsection.2.4}{\376\377\000M\000e\000t\000r\000i\000c\000s\000\040\000a\000n\000d\000\040\000L\000o\000g\000g\000i\000n\000g}{section.2}% 6
\BOOKMARK [2][-]{subsection.2.5}{\376\377\000R\000e\000s\000u\000l\000t\000s\000\040\000a\000n\000d\000\040\000D\000i\000s\000c\000u\000s\000s\000i\000o\000n}{section.2}% 7
\BOOKMARK [1][-]{section.3}{\376\377\000C\000o\000n\000c\000l\000u\000s\000i\000o\000n}{}% 8
\BOOKMARK [1][-]{section.4}{\376\377\000P\000r\000o\000b\000l\000e\000m\000\040\0002\000:\000\040\000R\000a\000y\000\040\000t\000r\000a\000c\000i\000n\000g}{}% 9
\BOOKMARK [1][-]{section.5}{\376\377\000G\000e\000n\000e\000r\000a\000l\000\040\000P\000r\000o\000b\000l\000e\000m\000\040\000I\000n\000t\000r\000o\000d\000u\000c\000t\000i\000o\000n}{}% 10
\BOOKMARK [1][-]{section.6}{\376\377\000M\000e\000t\000h\000o\000d\000o\000l\000o\000g\000y}{}% 11
\BOOKMARK [2][-]{subsection.6.1}{\376\377\000B\000a\000s\000e\000l\000i\000n\000e\000\040\000G\000P\000U\000\040\000P\000o\000r\000t\000\040\000\050\000c\000u\000R\000a\000y\000t\000r\000a\000c\000e\000r\000-\000b\000a\000s\000e\000\051}{section.6}% 12
\BOOKMARK [2][-]{subsection.6.2}{\376\377\000O\000p\000t\000i\000m\000i\000s\000a\000t\000i\000o\000n\000\040\0001\000\040\040\023\000\040\000T\000e\000x\000t\000u\000r\000e\000/\000C\000o\000n\000s\000t\000a\000n\000t\000\040\000M\000e\000m\000o\000r\000y}{section.6}% 13
\BOOKMARK [2][-]{subsection.6.3}{\376\377\000O\000p\000t\000i\000m\000i\000s\000a\000t\000i\000o\000n\000\040\0002\000\040\040\023\000\040\000S\000h\000a\000r\000e\000d\000-\000M\000e\000m\000o\000r\000y\000\040\000R\000a\000y\000\040\000Q\000u\000e\000u\000e\000s}{section.6}% 14
\BOOKMARK [2][-]{subsection.6.4}{\376\377\000O\000p\000t\000i\000m\000i\000s\000a\000t\000i\000o\000n\000\040\0003\000\040\040\023\000\040\000M\000i\000c\000r\000o\000-\000k\000e\000r\000n\000e\000l\000\040\000R\000e\000f\000a\000c\000t\000o\000r}{section.6}% 15
\BOOKMARK [2][-]{subsection.6.5}{\376\377\000V\000a\000l\000i\000d\000a\000t\000i\000o\000n\000\040\000a\000n\000d\000\040\000C\000o\000r\000r\000e\000c\000t\000n\000e\000s\000s}{section.6}% 16
\BOOKMARK [1][-]{section.7}{\376\377\000E\000x\000p\000e\000r\000i\000m\000e\000n\000t\000a\000l\000\040\000S\000e\000t\000u\000p}{}% 17
\BOOKMARK [1][-]{section.8}{\376\377\000E\000v\000a\000l\000u\000a\000t\000i\000o\000n\000\040\000R\000e\000s\000u\000l\000t\000s\000\040\000\046\000\040\000D\000i\000s\000c\000u\000s\000s\000i\000o\000n}{}% 18
\BOOKMARK [2][-]{subsection.8.1}{\376\377\000P\000e\000r\000f\000o\000r\000m\000a\000n\000c\000e}{section.8}% 19
\BOOKMARK [2][-]{subsection.8.2}{\376\377\000S\000c\000a\000l\000a\000b\000i\000l\000i\000t\000y}{section.8}% 20
\BOOKMARK [2][-]{subsection.8.3}{\376\377\000I\000m\000a\000g\000e\000\040\000Q\000u\000a\000l\000i\000t\000y}{section.8}% 21
\BOOKMARK [2][-]{subsection.8.4}{\376\377\000L\000i\000m\000i\000t\000a\000t\000i\000o\000n\000s\000\040\000\046\000\040\000F\000u\000t\000u\000r\000e\000\040\000W\000o\000r\000k}{section.8}% 22
